INFO	2021/04/23 16:05:31 Открытие файла: urls.txt
INFO	2021/04/23 16:05:31 Чтение файла: urls.txt
INFO	2021/04/23 16:05:31 Отправка GET запроса на адрес: https://golangs.org/openfile-mkdir
INFO	2021/04/23 16:05:31 Получение данных с адреса: https://golangs.org/openfile-mkdir
INFO	2021/04/23 16:05:31 Создание файла: dir/golangs.org.openfile-mkdir.html
INFO	2021/04/23 16:05:31 Запись в файл: dir/golangs.org.openfile-mkdir.html
INFO	2021/04/23 16:05:31 Отправка GET запроса на адрес: ://golangs.org/goroutines
ERROR	2021/04/23 16:05:31 index.go:137: Resp is nil
INFO	2021/04/23 16:05:31 Создание файла: dir/:..golangs.org.goroutines.html
INFO	2021/04/23 16:05:31 Запись в файл: dir/:..golangs.org.goroutines.html
INFO	2021/04/23 16:05:33 Отправка GET запроса на адрес: https://golangbyexample.com/append-file-golang
INFO	2021/04/23 16:05:33 Получение данных с адреса: https://golangbyexample.com/append-file-golang
INFO	2021/04/23 16:05:33 Создание файла: dir/golangbyexample.com.append-file-golang.html
INFO	2021/04/23 16:05:33 Запись в файл: dir/golangbyexample.com.append-file-golang.html
INFO	2021/04/23 16:05:33 Отправка GET запроса на адрес: https://metanit.com/go/tutorial
INFO	2021/04/23 16:05:33 Получение данных с адреса: https://metanit.com/go/tutorial
INFO	2021/04/23 16:05:33 Создание файла: dir/metanit.com.go.tutorial.html
INFO	2021/04/23 16:05:33 Запись в файл: dir/metanit.com.go.tutorial.html
INFO	2021/04/23 16:06:06 Открытие файла: urls2.txt
INFO	2021/04/23 16:06:06 Чтение файла: urls2.txt
INFO	2021/04/23 16:06:06 Отправка GET запроса на адрес: https://golangs.org/openfile-mkdir
INFO	2021/04/23 16:06:06 Получение данных с адреса: https://golangs.org/openfile-mkdir
INFO	2021/04/23 16:06:06 Создание файла: dir2/golangs.org.openfile-mkdir.html
INFO	2021/04/23 16:06:06 Запись в файл: dir2/golangs.org.openfile-mkdir.html
INFO	2021/04/23 16:09:35 Открытие файла: urls.txt
INFO	2021/04/23 16:09:35 Чтение файла: urls.txt
INFO	2021/04/23 16:09:35 Отправка GET запроса на адрес: https://golangs.org/openfile-mkdir
INFO	2021/04/23 16:09:35 Получение данных с адреса: https://golangs.org/openfile-mkdir
INFO	2021/04/23 16:09:35 Создание файла: dir/golangs.org.openfile-mkdir.html
INFO	2021/04/23 16:09:35 Запись в файл: dir/golangs.org.openfile-mkdir.html
INFO	2021/04/23 16:09:35 Отправка GET запроса на адрес: ://golangs.org/goroutines
ERROR	2021/04/23 16:09:35 index.go:137: Resp is nil
INFO	2021/04/23 16:09:35 Создание файла: dir/:..golangs.org.goroutines.html
INFO	2021/04/23 16:09:35 Запись в файл: dir/:..golangs.org.goroutines.html
INFO	2021/04/23 16:09:37 Отправка GET запроса на адрес: https://golangbyexample.com/append-file-golang
INFO	2021/04/23 16:09:37 Получение данных с адреса: https://golangbyexample.com/append-file-golang
INFO	2021/04/23 16:09:37 Создание файла: dir/golangbyexample.com.append-file-golang.html
INFO	2021/04/23 16:09:37 Запись в файл: dir/golangbyexample.com.append-file-golang.html
INFO	2021/04/23 16:09:37 Отправка GET запроса на адрес: https://metanit.com/go/tutorial
INFO	2021/04/23 16:09:37 Получение данных с адреса: https://metanit.com/go/tutorial
INFO	2021/04/23 16:09:37 Создание файла: dir/metanit.com.go.tutorial.html
INFO	2021/04/23 16:09:37 Запись в файл: dir/metanit.com.go.tutorial.html
INFO	2021/04/23 16:09:54 Открытие файла: urls.txt
INFO	2021/04/23 16:09:54 Чтение файла: urls.txt
INFO	2021/04/23 16:09:55 Отправка GET запроса на адрес: https://golangs.org/openfile-mkdir
INFO	2021/04/23 16:09:55 Получение данных с адреса: https://golangs.org/openfile-mkdir
INFO	2021/04/23 16:09:55 Создание файла: dir/golangs.org.openfile-mkdir.html
INFO	2021/04/23 16:09:55 Запись в файл: dir/golangs.org.openfile-mkdir.html
INFO	2021/04/23 16:09:55 Отправка GET запроса на адрес: ://golangs.org/goroutines
INFO	2021/04/23 16:10:45 Открытие файла: urls.txt
INFO	2021/04/23 16:10:45 Чтение файла: urls.txt
INFO	2021/04/23 16:10:45 Отправка GET запроса на адрес: https://golangs.org/openfile-mkdir
INFO	2021/04/23 16:10:45 Получение данных с адреса: https://golangs.org/openfile-mkdir
INFO	2021/04/23 16:10:45 Создание файла: dir/golangs.org.openfile-mkdir.html
INFO	2021/04/23 16:10:45 Запись в файл: dir/golangs.org.openfile-mkdir.html
INFO	2021/04/23 16:10:45 Отправка GET запроса на адрес: ://golangs.org/goroutines
ERROR	2021/04/23 16:10:45 index.go:137: Resp is nil
INFO	2021/04/23 16:10:45 Создание файла: dir/:..golangs.org.goroutines.html
INFO	2021/04/23 16:10:45 Запись в файл: dir/:..golangs.org.goroutines.html
INFO	2021/04/23 16:10:49 Отправка GET запроса на адрес: https://golangbyexample.com/append-file-golang
INFO	2021/04/23 16:10:49 Получение данных с адреса: https://golangbyexample.com/append-file-golang
INFO	2021/04/23 16:10:49 Создание файла: dir/golangbyexample.com.append-file-golang.html
INFO	2021/04/23 16:10:49 Запись в файл: dir/golangbyexample.com.append-file-golang.html
INFO	2021/04/23 16:10:49 Отправка GET запроса на адрес: https://metanit.com/go/tutorial
INFO	2021/04/23 16:10:49 Получение данных с адреса: https://metanit.com/go/tutorial
INFO	2021/04/23 16:10:49 Создание файла: dir/metanit.com.go.tutorial.html
INFO	2021/04/23 16:10:49 Запись в файл: dir/metanit.com.go.tutorial.html
